android/app/build/intermediates/manifest_merge_blame_file/release/manifest-merger-blame-release-report.txt
1<?xml version="1.0" encoding="utf-8"?>
2<manifest xmlns:android="http://schemas.android.com/apk/res/android"
3    package="com.foodshood"
4    android:versionCode="1"
5    android:versionName="1.0" >
6
7    <uses-sdk
8        android:minSdkVersion="16"
8-->src\main\AndroidManifest.xml
9        android:targetSdkVersion="29" />
9-->src\main\AndroidManifest.xml
10
11    <uses-permission android:name="android.permission.INTERNET" />
11-->src\main\AndroidManifest.xml:3:3-65
11-->src\main\AndroidManifest.xml:3:20-62
12    <uses-permission android:name="android.permission.ACCESS_FINE_LOCATION" />
12-->src\main\AndroidManifest.xml:4:3-77
12-->src\main\AndroidManifest.xml:4:20-74
13    <uses-permission android:name="android.permission.ACCESS_COARSE_LOCATION" />
13-->src\main\AndroidManifest.xml:5:3-79
13-->src\main\AndroidManifest.xml:5:20-76
14
15    <!-- Include required permissions for Google Maps API to run. -->
16    <uses-permission android:name="android.permission.ACCESS_NETWORK_STATE" />
16-->[com.google.android.gms:play-services-maps:17.0.0] AndroidManifest.xml:23:5-79
16-->[com.google.android.gms:play-services-maps:17.0.0] AndroidManifest.xml:23:22-76
17
18    <uses-feature
18-->[com.google.android.gms:play-services-maps:17.0.0] AndroidManifest.xml:26:5-28:35
19        android:glEsVersion="0x00020000"
19-->[com.google.android.gms:play-services-maps:17.0.0] AndroidManifest.xml:27:9-41
20        android:required="true" />
20-->[com.google.android.gms:play-services-maps:17.0.0] AndroidManifest.xml:28:9-32
21
22    <uses-permission android:name="com.google.android.finsky.permission.BIND_GET_INSTALL_REFERRER_SERVICE" />
22-->[com.android.installreferrer:installreferrer:1.0] AndroidManifest.xml:9:5-110
22-->[com.android.installreferrer:installreferrer:1.0] AndroidManifest.xml:9:22-107
23
24    <application
24-->src\main\AndroidManifest.xml:8:3-21:17
25        android:name="com.foodshood.MainApplication"
25-->src\main\AndroidManifest.xml:8:16-47
26        android:allowBackup="false"
26-->src\main\AndroidManifest.xml:8:162-189
27        android:appComponentFactory="androidx.core.app.CoreComponentFactory"
27-->[androidx.core:core:1.1.0] AndroidManifest.xml:24:18-86
28        android:icon="@mipmap/ic_launcher"
28-->src\main\AndroidManifest.xml:8:81-115
29        android:label="@string/app_name"
29-->src\main\AndroidManifest.xml:8:48-80
30        android:roundIcon="@mipmap/ic_launcher_round"
30-->src\main\AndroidManifest.xml:8:116-161
31        android:supportsRtl="true"
31-->[com.facebook.android:facebook-login:7.1.0] AndroidManifest.xml:28:18-44
32        android:theme="@style/AppTheme" >
32-->src\main\AndroidManifest.xml:8:190-221
33        <activity
33-->src\main\AndroidManifest.xml:9:5-14:16
34            android:name="com.foodshood.MainActivity"
34-->src\main\AndroidManifest.xml:9:15-43
35            android:configChanges="keyboard|keyboardHidden|orientation|screenSize|uiMode"
35-->src\main\AndroidManifest.xml:9:77-154
36            android:label="@string/app_name"
36-->src\main\AndroidManifest.xml:9:44-76
37            android:launchMode="singleTask"
37-->src\main\AndroidManifest.xml:9:155-186
38            android:windowSoftInputMode="adjustResize" >
38-->src\main\AndroidManifest.xml:9:187-229
39            <intent-filter>
39-->src\main\AndroidManifest.xml:10:7-13:23
40                <action android:name="android.intent.action.MAIN" />
40-->src\main\AndroidManifest.xml:11:9-61
40-->src\main\AndroidManifest.xml:11:17-58
41
42                <category android:name="android.intent.category.LAUNCHER" />
42-->src\main\AndroidManifest.xml:12:9-69
42-->src\main\AndroidManifest.xml:12:19-66
43            </intent-filter>
44        </activity>
45        <activity android:name="com.facebook.react.devsupport.DevSettingsActivity" />
45-->src\main\AndroidManifest.xml:15:5-82
45-->src\main\AndroidManifest.xml:15:15-79
46
47        <meta-data
47-->src\main\AndroidManifest.xml:18:5-120
48            android:name="com.google.android.geo.API_KEY"
48-->src\main\AndroidManifest.xml:18:16-61
49            android:value="AIzaSyDpK09hWHIMPnKghhwlbLiEfTuYVwMJI58" />
49-->src\main\AndroidManifest.xml:18:62-117
50        <meta-data
50-->src\main\AndroidManifest.xml:19:5-103
51            android:name="com.facebook.sdk.ApplicationId"
51-->src\main\AndroidManifest.xml:19:16-61
52            android:value="@string/facebook_app_id" />
52-->src\main\AndroidManifest.xml:19:62-101
53
54        <activity
54-->[com.facebook.android:facebook-common:7.1.0] AndroidManifest.xml:30:9-33:66
55            android:name="com.facebook.FacebookActivity"
55-->[com.facebook.android:facebook-common:7.1.0] AndroidManifest.xml:31:13-57
56            android:configChanges="keyboard|keyboardHidden|screenLayout|screenSize|orientation"
56-->[com.facebook.android:facebook-common:7.1.0] AndroidManifest.xml:32:13-96
57            android:theme="@style/com_facebook_activity_theme" />
57-->[com.facebook.android:facebook-common:7.1.0] AndroidManifest.xml:33:13-63
58        <activity android:name="com.facebook.CustomTabMainActivity" />
58-->[com.facebook.android:facebook-common:7.1.0] AndroidManifest.xml:34:9-71
58-->[com.facebook.android:facebook-common:7.1.0] AndroidManifest.xml:34:19-68
59        <activity
59-->[com.facebook.android:facebook-common:7.1.0] AndroidManifest.xml:35:9-49:20
60            android:name="com.facebook.CustomTabActivity"
60-->[com.facebook.android:facebook-common:7.1.0] AndroidManifest.xml:36:13-58
61            android:exported="true" >
61-->[com.facebook.android:facebook-common:7.1.0] AndroidManifest.xml:37:13-36
62            <intent-filter>
62-->[com.facebook.android:facebook-common:7.1.0] AndroidManifest.xml:39:13-48:29
63                <action android:name="android.intent.action.VIEW" />
63-->[com.facebook.android:facebook-common:7.1.0] AndroidManifest.xml:40:17-69
63-->[com.facebook.android:facebook-common:7.1.0] AndroidManifest.xml:40:25-66
64
65                <category android:name="android.intent.category.DEFAULT" />
65-->[com.facebook.android:facebook-common:7.1.0] AndroidManifest.xml:42:17-76
65-->[com.facebook.android:facebook-common:7.1.0] AndroidManifest.xml:42:27-73
66                <category android:name="android.intent.category.BROWSABLE" />
66-->[com.facebook.android:facebook-common:7.1.0] AndroidManifest.xml:43:17-78
66-->[com.facebook.android:facebook-common:7.1.0] AndroidManifest.xml:43:27-75
67
68                <data
68-->[com.facebook.android:facebook-common:7.1.0] AndroidManifest.xml:45:17-47:50
69                    android:host="cct.com.foodshood"
69-->[com.facebook.android:facebook-common:7.1.0] AndroidManifest.xml:46:21-56
70                    android:scheme="fbconnect" />
70-->[com.facebook.android:facebook-common:7.1.0] AndroidManifest.xml:47:21-47
71            </intent-filter>
72        </activity>
73        <!--
74         The initialization ContentProvider will call FacebookSdk.sdkInitialize automatically
75         with the application context. This config is merged in with the host app's manifest,
76         but there can only be one provider with the same authority activated at any given
77         point; so if the end user has two or more different apps that use Facebook SDK, only the
78         first one will be able to use the provider. To work around this problem, we use the
79         following placeholder in the authority to identify each host application as if it was
80         a completely different provider.
81        -->
82        <provider
82-->[com.facebook.android:facebook-core:7.1.0] AndroidManifest.xml:39:9-42:40
83            android:name="com.facebook.internal.FacebookInitProvider"
83-->[com.facebook.android:facebook-core:7.1.0] AndroidManifest.xml:40:13-70
84            android:authorities="com.foodshood.FacebookInitProvider"
84-->[com.facebook.android:facebook-core:7.1.0] AndroidManifest.xml:41:13-72
85            android:exported="false" />
85-->[com.facebook.android:facebook-core:7.1.0] AndroidManifest.xml:42:13-37
86
87        <receiver
87-->[com.facebook.android:facebook-core:7.1.0] AndroidManifest.xml:44:9-50:20
88            android:name="com.facebook.CurrentAccessTokenExpirationBroadcastReceiver"
88-->[com.facebook.android:facebook-core:7.1.0] AndroidManifest.xml:45:13-86
89            android:exported="false" >
89-->[com.facebook.android:facebook-core:7.1.0] AndroidManifest.xml:46:13-37
90            <intent-filter>
90-->[com.facebook.android:facebook-core:7.1.0] AndroidManifest.xml:47:13-49:29
91                <action android:name="com.facebook.sdk.ACTION_CURRENT_ACCESS_TOKEN_CHANGED" />
91-->[com.facebook.android:facebook-core:7.1.0] AndroidManifest.xml:48:17-95
91-->[com.facebook.android:facebook-core:7.1.0] AndroidManifest.xml:48:25-92
92            </intent-filter>
93        </receiver> <!-- Needs to be explicitly declared on P+ -->
94        <uses-library
94-->[com.google.android.gms:play-services-maps:17.0.0] AndroidManifest.xml:33:9-35:40
95            android:name="org.apache.http.legacy"
95-->[com.google.android.gms:play-services-maps:17.0.0] AndroidManifest.xml:34:13-50
96            android:required="false" />
96-->[com.google.android.gms:play-services-maps:17.0.0] AndroidManifest.xml:35:13-37
97
98        <activity
98-->[com.google.android.gms:play-services-base:17.0.0] AndroidManifest.xml:23:9-26:75
99            android:name="com.google.android.gms.common.api.GoogleApiActivity"
99-->[com.google.android.gms:play-services-base:17.0.0] AndroidManifest.xml:24:13-79
100            android:exported="false"
100-->[com.google.android.gms:play-services-base:17.0.0] AndroidManifest.xml:25:13-37
101            android:theme="@android:style/Theme.Translucent.NoTitleBar" />
101-->[com.google.android.gms:play-services-base:17.0.0] AndroidManifest.xml:26:13-72
102
103        <meta-data
103-->[com.google.android.gms:play-services-basement:17.0.0] AndroidManifest.xml:23:9-25:69
104            android:name="com.google.android.gms.version"
104-->[com.google.android.gms:play-services-basement:17.0.0] AndroidManifest.xml:24:13-58
105            android:value="@integer/google_play_services_version" />
105-->[com.google.android.gms:play-services-basement:17.0.0] AndroidManifest.xml:25:13-66
106    </application>
107
108</manifest>